-------------------------------------------------------------------------------
Test set: com.example.publisher.PublisherTest
-------------------------------------------------------------------------------
Tests run: 1, Failures: 1, Errors: 0, Skipped: 0, Time elapsed: 0.01 sec <<< FAILURE!
com.example.publisher.PublisherTest.testSendObject()  Time elapsed: 0.01 sec  <<< FAILURE!
java.lang.NullPointerException: Cannot invoke "org.springframework.amqp.rabbit.core.RabbitTemplate.convertAndSend(String, Object)" because "this.rabbitTemplate" is null
	at com.example.publisher.PublisherTest.testSendObject(PublisherTest.java:80)

