<?xml version="1.0" encoding="UTF-8" ?>
<testsuite tests="1" failures="1" name="com.example.publisher.PublisherTest" time="0.01" errors="0" skipped="0">
  <properties>
[...]
</properties>
  <testcase classname="com.example.publisher.PublisherTest" name="com.example.publisher.PublisherTest.testSendObject" time="0.01">
    <failure message="Cannot invoke &quot;org.springframework.amqp.rabbit.core.RabbitTemplate.convertAndSend(String, Object)&quot; because &quot;this.rabbitTemplate&quot; is null" type="java.lang.NullPointerException">java.lang.NullPointerException: Cannot invoke &quot;org.springframework.amqp.rabbit.core.RabbitTemplate.convertAndSend(String, Object)&quot; because &quot;this.rabbitTemplate&quot; is null
	at com.example.publisher.PublisherTest.testSendObject(PublisherTest.java:80)
</failure>
  </testcase>
</testsuite>